start
{'modelclass': <class 'learntodrive.models.New_BasicBiGRU_BatchNorm_BigTopLayer_DenseNet_Buckets.New_BasicBiGRUBN_BigDenseNet_Buckets_DO'>, 'modelname': 'C_BiGRU_', 'num_lstm_layers': 3, 'hidden_lstm_size': 64, 'p_dropout': 0.6, 'epochs': 60, 'loss': 'both', 'bins': None, 'num_bins_min': 2000, 'sample_0': False, 'use_classes': False, 'lr': 0.003, 'lr_decay': [20, 30, 40], 'pickle_files': ['densenet121_aug', 'resnet34_high', 'densenet201_high']}
[epoch: 1, batch:     20] loss: 1.34074 time load: 0.15670 time model: 0.05113
[epoch: 1, batch:     40] loss: 0.78753 time load: 0.09134 time model: 0.04754
[epoch: 1, batch:     60] loss: 0.59022 time load: 0.07860 time model: 0.04733
[epoch: 1, batch:     80] loss: 0.54337 time load: 0.08342 time model: 0.04803
[epoch: 1, batch:    100] loss: 0.46552 time load: 0.07906 time model: 0.04854
[epoch: 1, batch:    120] loss: 0.42159 time load: 0.07759 time model: 0.04743
[epoch: 1, batch:    140] loss: 0.42893 time load: 0.08372 time model: 0.04753
[epoch: 1, batch:    160] loss: 0.46443 time load: 0.08165 time model: 0.04459
[epoch: 1, batch:    180] loss: 0.40391 time load: 0.08340 time model: 0.04595
[epoch: 1, batch:    200] loss: 0.39854 time load: 0.07747 time model: 0.04659
[epoch: 1, batch:    220] loss: 0.45580 time load: 0.08413 time model: 0.04587
[epoch: 1, batch:    240] loss: 0.42271 time load: 0.08057 time model: 0.04655
[epoch: 1, batch:    260] loss: 0.37373 time load: 0.08821 time model: 0.04640
[epoch: 1, batch:    280] loss: 0.37218 time load: 0.07992 time model: 0.04575
[epoch: 1, batch:    300] loss: 0.42728 time load: 0.08061 time model: 0.04564
[epoch: 1, batch:    320] loss: 0.36589 time load: 0.07485 time model: 0.04811
[epoch: 1, batch:    340] loss: 0.39677 time load: 0.08091 time model: 0.04713
[epoch: 1, batch:    360] loss: 0.38864 time load: 0.07742 time model: 0.04616
[epoch: 1, batch:    380] loss: 0.32931 time load: 0.08418 time model: 0.04476
[epoch: 1, batch:    400] loss: 0.30850 time load: 0.08311 time model: 0.04416
[epoch: 1, batch:    420] loss: 0.33858 time load: 0.08212 time model: 0.04420
[epoch: 1, batch:    440] loss: 0.37356 time load: 0.08115 time model: 0.04324
[epoch: 1, batch:    460] loss: 0.36877 time load: 0.07966 time model: 0.04535
[epoch: 1, batch:    480] loss: 0.39913 time load: 0.08000 time model: 0.04373
[epoch: 1, batch:    500] loss: 0.33858 time load: 0.07622 time model: 0.04618
[epoch: 1, batch:    520] loss: 0.38923 time load: 0.07547 time model: 0.04516
[epoch: 1, batch:    540] loss: 0.29207 time load: 0.07696 time model: 0.04515
[epoch: 1, batch:    560] loss: 0.34649 time load: 0.07802 time model: 0.04574
[epoch: 1, batch:    580] loss: 0.35517 time load: 0.07699 time model: 0.04438
[epoch: 1, batch:    600] loss: 0.36542 time load: 0.07880 time model: 0.04446
[epoch: 1, batch:    620] loss: 0.36461 time load: 0.08177 time model: 0.04552
[epoch: 1, batch:    640] loss: 0.34902 time load: 0.07579 time model: 0.04407
[epoch: 1, batch:    660] loss: 0.35477 time load: 0.08619 time model: 0.04499
[epoch: 1, batch:    680] loss: 0.35909 time load: 0.08138 time model: 0.04480
[epoch: 1, batch:    700] loss: 0.32287 time load: 0.07492 time model: 0.04434
[epoch: 1, batch:    720] loss: 0.34504 time load: 0.07910 time model: 0.04626
[epoch: 1, batch:    740] loss: 0.33082 time load: 0.08399 time model: 0.04482
[epoch: 1, batch:    760] loss: 0.36727 time load: 0.09077 time model: 0.04527
[epoch: 1, batch:    780] loss: 0.31094 time load: 0.07852 time model: 0.04395
[epoch: 1, batch:    800] loss: 0.35350 time load: 0.07636 time model: 0.04549
[epoch: 1, batch:    820] loss: 0.35999 time load: 0.07378 time model: 0.04391
[epoch: 1, batch:    840] loss: 0.31657 time load: 0.07845 time model: 0.04532
[epoch: 1, batch:    860] loss: 0.34578 time load: 0.07541 time model: 0.04569
[epoch: 1, batch:    880] loss: 0.35178 time load: 0.07713 time model: 0.04468
[epoch: 1, batch:    900] loss: 0.34938 time load: 0.07765 time model: 0.04635
[epoch: 1, batch:    920] loss: 0.31727 time load: 0.07656 time model: 0.04568
[epoch: 1, batch:    940] loss: 0.35040 time load: 0.08001 time model: 0.04630
[epoch: 1, batch:    960] loss: 0.36803 time load: 0.08087 time model: 0.04500
[epoch: 1, batch:    980] loss: 0.31821 time load: 0.08076 time model: 0.04503
[epoch: 1, batch:   1000] loss: 0.31624 time load: 0.07901 time model: 0.04484
[epoch: 1, batch:   1020] loss: 0.33570 time load: 0.07546 time model: 0.04544
[epoch: 1, batch:   1040] loss: 0.32007 time load: 0.08317 time model: 0.04469
[epoch: 1, batch:   1060] loss: 0.31366 time load: 0.07948 time model: 0.04504
[epoch: 1, batch:   1080] loss: 0.31909 time load: 0.07697 time model: 0.04527
[epoch: 1, batch:   1100] loss: 0.33220 time load: 0.07839 time model: 0.04517
[epoch: 1, batch:   1120] loss: 0.32325 time load: 0.08199 time model: 0.04555
